<?xml version="1.0" encoding="UTF-8"?>
<testsuite xmlns:xsi="http://www.w3.org/2001/XMLSchema-instance" xsi:noNamespaceSchemaLocation="https://maven.apache.org/surefire/maven-surefire-plugin/xsd/surefire-test-report-3.0.xsd" version="3.0" name="TestSuite" time="162.471" tests="9" errors="0" skipped="0" failures="0">
  <properties>
    <property name="awt.toolkit" value="sun.awt.X11.XToolkit"/>
    <property name="java.specification.version" value="11"/>
    <property name="sun.cpu.isalist" value=""/>
    <property name="sun.jnu.encoding" value="UTF-8"/>
    <property name="java.class.path" value="/home/coder/project/workspace/testngapp/target/test-classes:/home/coder/project/workspace/testngapp/target/classes:/home/coder/.m2/repository/junit/junit/4.11/junit-4.11.jar:/home/coder/.m2/repository/org/hamcrest/hamcrest-core/1.3/hamcrest-core-1.3.jar:/home/coder/.m2/repository/org/seleniumhq/selenium/selenium-java/3.141.59/selenium-java-3.141.59.jar:/home/coder/.m2/repository/org/seleniumhq/selenium/selenium-api/3.141.59/selenium-api-3.141.59.jar:/home/coder/.m2/repository/org/seleniumhq/selenium/selenium-chrome-driver/3.141.59/selenium-chrome-driver-3.141.59.jar:/home/coder/.m2/repository/org/seleniumhq/selenium/selenium-edge-driver/3.141.59/selenium-edge-driver-3.141.59.jar:/home/coder/.m2/repository/org/seleniumhq/selenium/selenium-firefox-driver/3.141.59/selenium-firefox-driver-3.141.59.jar:/home/coder/.m2/repository/org/seleniumhq/selenium/selenium-ie-driver/3.141.59/selenium-ie-driver-3.141.59.jar:/home/coder/.m2/repository/org/seleniumhq/selenium/selenium-opera-driver/3.141.59/selenium-opera-driver-3.141.59.jar:/home/coder/.m2/repository/org/seleniumhq/selenium/selenium-remote-driver/3.141.59/selenium-remote-driver-3.141.59.jar:/home/coder/.m2/repository/org/seleniumhq/selenium/selenium-safari-driver/3.141.59/selenium-safari-driver-3.141.59.jar:/home/coder/.m2/repository/org/seleniumhq/selenium/selenium-support/3.141.59/selenium-support-3.141.59.jar:/home/coder/.m2/repository/net/bytebuddy/byte-buddy/1.8.15/byte-buddy-1.8.15.jar:/home/coder/.m2/repository/org/apache/commons/commons-exec/1.3/commons-exec-1.3.jar:/home/coder/.m2/repository/com/google/guava/guava/25.0-jre/guava-25.0-jre.jar:/home/coder/.m2/repository/com/google/code/findbugs/jsr305/1.3.9/jsr305-1.3.9.jar:/home/coder/.m2/repository/org/checkerframework/checker-compat-qual/2.0.0/checker-compat-qual-2.0.0.jar:/home/coder/.m2/repository/com/google/errorprone/error_prone_annotations/2.1.3/error_prone_annotations-2.1.3.jar:/home/coder/.m2/repository/com/google/j2objc/j2objc-annotations/1.1/j2objc-annotations-1.1.jar:/home/coder/.m2/repository/org/codehaus/mojo/animal-sniffer-annotations/1.14/animal-sniffer-annotations-1.14.jar:/home/coder/.m2/repository/com/squareup/okhttp3/okhttp/3.11.0/okhttp-3.11.0.jar:/home/coder/.m2/repository/com/squareup/okio/okio/1.14.0/okio-1.14.0.jar:/home/coder/.m2/repository/org/testng/testng/7.7.1/testng-7.7.1.jar:/home/coder/.m2/repository/org/slf4j/slf4j-api/1.7.36/slf4j-api-1.7.36.jar:/home/coder/.m2/repository/com/beust/jcommander/1.82/jcommander-1.82.jar:/home/coder/.m2/repository/org/webjars/jquery/3.6.1/jquery-3.6.1.jar:"/>
    <property name="java.vm.vendor" value="Debian"/>
    <property name="sun.arch.data.model" value="64"/>
    <property name="java.vendor.url" value="https://tracker.debian.org/openjdk-11"/>
    <property name="user.timezone" value="Etc/UTC"/>
    <property name="java.vm.specification.version" value="11"/>
    <property name="os.name" value="Linux"/>
    <property name="sun.java.launcher" value="SUN_STANDARD"/>
    <property name="user.country" value="US"/>
    <property name="sun.boot.library.path" value="/usr/lib/jvm/java-11-openjdk-amd64/lib"/>
    <property name="sun.java.command" value="/home/coder/project/workspace/testngapp/target/surefire/surefirebooter-20230728092620576_3.jar /home/coder/project/workspace/testngapp/target/surefire 2023-07-28T09-26-20_149-jvmRun1 surefire-20230728092620576_1tmp surefire_0-20230728092620576_2tmp"/>
    <property name="jdk.debug" value="release"/>
    <property name="surefire.test.class.path" value="/home/coder/project/workspace/testngapp/target/test-classes:/home/coder/project/workspace/testngapp/target/classes:/home/coder/.m2/repository/junit/junit/4.11/junit-4.11.jar:/home/coder/.m2/repository/org/hamcrest/hamcrest-core/1.3/hamcrest-core-1.3.jar:/home/coder/.m2/repository/org/seleniumhq/selenium/selenium-java/3.141.59/selenium-java-3.141.59.jar:/home/coder/.m2/repository/org/seleniumhq/selenium/selenium-api/3.141.59/selenium-api-3.141.59.jar:/home/coder/.m2/repository/org/seleniumhq/selenium/selenium-chrome-driver/3.141.59/selenium-chrome-driver-3.141.59.jar:/home/coder/.m2/repository/org/seleniumhq/selenium/selenium-edge-driver/3.141.59/selenium-edge-driver-3.141.59.jar:/home/coder/.m2/repository/org/seleniumhq/selenium/selenium-firefox-driver/3.141.59/selenium-firefox-driver-3.141.59.jar:/home/coder/.m2/repository/org/seleniumhq/selenium/selenium-ie-driver/3.141.59/selenium-ie-driver-3.141.59.jar:/home/coder/.m2/repository/org/seleniumhq/selenium/selenium-opera-driver/3.141.59/selenium-opera-driver-3.141.59.jar:/home/coder/.m2/repository/org/seleniumhq/selenium/selenium-remote-driver/3.141.59/selenium-remote-driver-3.141.59.jar:/home/coder/.m2/repository/org/seleniumhq/selenium/selenium-safari-driver/3.141.59/selenium-safari-driver-3.141.59.jar:/home/coder/.m2/repository/org/seleniumhq/selenium/selenium-support/3.141.59/selenium-support-3.141.59.jar:/home/coder/.m2/repository/net/bytebuddy/byte-buddy/1.8.15/byte-buddy-1.8.15.jar:/home/coder/.m2/repository/org/apache/commons/commons-exec/1.3/commons-exec-1.3.jar:/home/coder/.m2/repository/com/google/guava/guava/25.0-jre/guava-25.0-jre.jar:/home/coder/.m2/repository/com/google/code/findbugs/jsr305/1.3.9/jsr305-1.3.9.jar:/home/coder/.m2/repository/org/checkerframework/checker-compat-qual/2.0.0/checker-compat-qual-2.0.0.jar:/home/coder/.m2/repository/com/google/errorprone/error_prone_annotations/2.1.3/error_prone_annotations-2.1.3.jar:/home/coder/.m2/repository/com/google/j2objc/j2objc-annotations/1.1/j2objc-annotations-1.1.jar:/home/coder/.m2/repository/org/codehaus/mojo/animal-sniffer-annotations/1.14/animal-sniffer-annotations-1.14.jar:/home/coder/.m2/repository/com/squareup/okhttp3/okhttp/3.11.0/okhttp-3.11.0.jar:/home/coder/.m2/repository/com/squareup/okio/okio/1.14.0/okio-1.14.0.jar:/home/coder/.m2/repository/org/testng/testng/7.7.1/testng-7.7.1.jar:/home/coder/.m2/repository/org/slf4j/slf4j-api/1.7.36/slf4j-api-1.7.36.jar:/home/coder/.m2/repository/com/beust/jcommander/1.82/jcommander-1.82.jar:/home/coder/.m2/repository/org/webjars/jquery/3.6.1/jquery-3.6.1.jar:"/>
    <property name="sun.cpu.endian" value="little"/>
    <property name="user.home" value="/home/coder"/>
    <property name="user.language" value="en"/>
    <property name="java.specification.vendor" value="Oracle Corporation"/>
    <property name="java.version.date" value="2023-01-17"/>
    <property name="java.home" value="/usr/lib/jvm/java-11-openjdk-amd64"/>
    <property name="file.separator" value="/"/>
    <property name="basedir" value="/home/coder/project/workspace/testngapp"/>
    <property name="java.vm.compressedOopsMode" value="32-bit"/>
    <property name="line.separator" value="&#10;"/>
    <property name="java.specification.name" value="Java Platform API Specification"/>
    <property name="java.vm.specification.vendor" value="Oracle Corporation"/>
    <property name="java.awt.graphicsenv" value="sun.awt.X11GraphicsEnvironment"/>
    <property name="surefire.real.class.path" value="/home/coder/project/workspace/testngapp/target/surefire/surefirebooter-20230728092620576_3.jar"/>
    <property name="sun.management.compiler" value="HotSpot 64-Bit Tiered Compilers"/>
    <property name="java.runtime.version" value="11.0.18+10-post-Debian-1deb11u1"/>
    <property name="user.name" value="coder"/>
    <property name="path.separator" value=":"/>
    <property name="os.version" value="5.10.162+"/>
    <property name="java.runtime.name" value="OpenJDK Runtime Environment"/>
    <property name="file.encoding" value="UTF-8"/>
    <property name="java.vm.name" value="OpenJDK 64-Bit Server VM"/>
    <property name="localRepository" value="/home/coder/.m2/repository"/>
    <property name="java.vendor.url.bug" value="https://bugs.debian.org/openjdk-11"/>
    <property name="java.io.tmpdir" value="/tmp"/>
    <property name="java.version" value="11.0.18"/>
    <property name="user.dir" value="/home/coder/project/workspace/testngapp"/>
    <property name="os.arch" value="amd64"/>
    <property name="java.vm.specification.name" value="Java Virtual Machine Specification"/>
    <property name="java.awt.printerjob" value="sun.print.PSPrinterJob"/>
    <property name="sun.os.patch.level" value="unknown"/>
    <property name="java.library.path" value="/usr/java/packages/lib:/usr/lib/x86_64-linux-gnu/jni:/lib/x86_64-linux-gnu:/usr/lib/x86_64-linux-gnu:/usr/lib/jni:/lib:/usr/lib"/>
    <property name="java.vm.info" value="mixed mode, sharing"/>
    <property name="java.vendor" value="Debian"/>
    <property name="java.vm.version" value="11.0.18+10-post-Debian-1deb11u1"/>
    <property name="sun.io.unicode.encoding" value="UnicodeLittle"/>
    <property name="java.class.version" value="55.0"/>
  </properties>
  <testcase name="AdminLoginWithInValidDetails" classname="TestCaseClasses.LoginTest" time="2.665">
    <system-out><![CDATA[Login| Art Gallery Management System
]]></system-out>
    <system-err><![CDATA[SLF4J: Failed to load class "org.slf4j.impl.StaticLoggerBinder".
SLF4J: Defaulting to no-operation (NOP) logger implementation
SLF4J: See http://www.slf4j.org/codes.html#StaticLoggerBinder for further details.
Jul 28, 2023 9:26:27 AM org.openqa.selenium.remote.ProtocolHandshake createSession
INFO: Detected dialect: W3C
]]></system-err>
  </testcase>
  <testcase name="AdminLoginWithValidDetails" classname="TestCaseClasses.LoginTest" time="3.794">
    <system-out><![CDATA[Art Gallery Management System - Admin Dashboard
]]></system-out>
  </testcase>
  <testcase name="addEnquiryTest" classname="TestCaseClasses.EnquiryTest" time="6.628">
    <system-out><![CDATA[

|| ENQUIRY ||

]]></system-out>
  </testcase>
  <testcase name="unansweredEnquiryTest" classname="TestCaseClasses.EnquiryTest" time="15.917">
    <system-out><![CDATA[
Unanswered Enquiry Details 

Enquiry Number : 625771726
Full Name : Drake
Art Name : night
View Details
Art Reference Number : 365300848
Email : drake@gmail.com
MobileNumber : 5464514753
Enquiry Date : 2023-07-28 09:26:45
Message : Awesome Art!
Status : Unanswer Enquiry
Remark : : 
]]></system-out>
  </testcase>
  <testcase name="answeredEnquiryTest" classname="TestCaseClasses.EnquiryTest" time="6.189">
    <system-out><![CDATA[
Answered Enquiry Details 

Enquiry Number : 625771726
Full Name : Drake
Art Name : night
View Details
Art Reference Number : 365300848
Email : drake@gmail.com
MobileNumber : 5464514753
Enquiry Date : 2023-07-28 09:26:45
Message : Awesome Art!
Status : Answer Enquiry
Remark : Successfully Answered!
Remark date : 2023-07-28 09:27:01
]]></system-out>
  </testcase>
  <testcase name="enquirySearchByNameTest" classname="TestCaseClasses.EnquirySearchTest" time="38.399">
    <system-out><![CDATA[

|| ENQUIRY SEARCH ||


Enquiry Search By Name : Drake
S.NO  Enquiry Number  Full Name  Mobile Number  Enquiry Date         
-----------------------------------------------------------
1     173815728       Drake      5464514753     2023-07-04 12:37:18  
2     855834344       Drake      5464514753     2023-07-06 10:24:10  
3     311037687       Drake      5464514753     2023-07-06 10:43:17  
4     705344344       Drake      5464514753     2023-07-06 10:56:44  
5     536129002       Drake      5464514753     2023-07-06 12:18:46  
6     643074820       Drake      5464514753     2023-07-10 07:14:10  
7     831563220       Drake      5464514753     2023-07-21 12:49:27  
8     338546419       Drake      5464514753     2023-07-23 04:33:38  
9     660795977       Drake      5464514753     2023-07-23 11:23:03  
10    182660601       Drake      5464514753     2023-07-24 05:04:34  
11    859223957       Drake      5464514753     2023-07-27 08:04:35  
12    871824785       Drake      5464514753     2023-07-28 04:58:56  
13    235150721       Drake      5464514753     2023-07-28 05:37:03  
14    625771726       Drake      5464514753     2023-07-28 09:26:45  
]]></system-out>
  </testcase>
  <testcase name="enquirySearchByEnquiryNumberTest" classname="TestCaseClasses.EnquirySearchTest" time="32.69">
    <system-out><![CDATA[
Enquiry Search By Number : 625771726
S.NO  Enquiry Number  Full Name  Mobile Number  Enquiry Date         
-----------------------------------------------------------
1     625771726       Drake      5464514753     2023-07-28 09:26:45  
]]></system-out>
  </testcase>
  <testcase name="enquirySearchByMobileNumberTest" classname="TestCaseClasses.EnquirySearchTest" time="37.937">
    <system-out><![CDATA[
Enquiry Search By Mobile Number : 5464514753
S.NO  Enquiry Number  Full Name  Mobile Number  Enquiry Date         
-----------------------------------------------------------
1     173815728       Drake      5464514753     2023-07-04 12:37:18  
2     855834344       Drake      5464514753     2023-07-06 10:24:10  
3     311037687       Drake      5464514753     2023-07-06 10:43:17  
4     705344344       Drake      5464514753     2023-07-06 10:56:44  
5     536129002       Drake      5464514753     2023-07-06 12:18:46  
6     643074820       Drake      5464514753     2023-07-10 07:14:10  
7     831563220       Drake      5464514753     2023-07-21 12:49:27  
8     338546419       Drake      5464514753     2023-07-23 04:33:38  
9     660795977       Drake      5464514753     2023-07-23 11:23:03  
10    182660601       Drake      5464514753     2023-07-24 05:04:34  
11    859223957       Drake      5464514753     2023-07-27 08:04:35  
12    871824785       Drake      5464514753     2023-07-28 04:58:56  
13    235150721       Drake      5464514753     2023-07-28 05:37:03  
14    625771726       Drake      5464514753     2023-07-28 09:26:45  
]]></system-out>
  </testcase>
  <testcase name="AdminLogout" classname="TestCaseClasses.LogoutTest" time="3.42"/>
</testsuite>