<?xml version="1.0" encoding="UTF-8"?>
<testsuite xmlns:xsi="http://www.w3.org/2001/XMLSchema-instance" xsi:noNamespaceSchemaLocation="https://maven.apache.org/surefire/maven-surefire-plugin/xsd/surefire-test-report-3.0.xsd" version="3.0" name="TestSuite" time="51.114" tests="6" errors="0" skipped="0" failures="0">
  <properties>
    <property name="awt.toolkit" value="sun.awt.X11.XToolkit"/>
    <property name="java.specification.version" value="11"/>
    <property name="sun.cpu.isalist" value=""/>
    <property name="sun.jnu.encoding" value="UTF-8"/>
    <property name="java.class.path" value="/home/coder/project/workspace/testngapp/target/test-classes:/home/coder/project/workspace/testngapp/target/classes:/home/coder/.m2/repository/junit/junit/4.11/junit-4.11.jar:/home/coder/.m2/repository/org/hamcrest/hamcrest-core/1.3/hamcrest-core-1.3.jar:/home/coder/.m2/repository/org/seleniumhq/selenium/selenium-java/3.141.59/selenium-java-3.141.59.jar:/home/coder/.m2/repository/org/seleniumhq/selenium/selenium-api/3.141.59/selenium-api-3.141.59.jar:/home/coder/.m2/repository/org/seleniumhq/selenium/selenium-chrome-driver/3.141.59/selenium-chrome-driver-3.141.59.jar:/home/coder/.m2/repository/org/seleniumhq/selenium/selenium-edge-driver/3.141.59/selenium-edge-driver-3.141.59.jar:/home/coder/.m2/repository/org/seleniumhq/selenium/selenium-firefox-driver/3.141.59/selenium-firefox-driver-3.141.59.jar:/home/coder/.m2/repository/org/seleniumhq/selenium/selenium-ie-driver/3.141.59/selenium-ie-driver-3.141.59.jar:/home/coder/.m2/repository/org/seleniumhq/selenium/selenium-opera-driver/3.141.59/selenium-opera-driver-3.141.59.jar:/home/coder/.m2/repository/org/seleniumhq/selenium/selenium-remote-driver/3.141.59/selenium-remote-driver-3.141.59.jar:/home/coder/.m2/repository/org/seleniumhq/selenium/selenium-safari-driver/3.141.59/selenium-safari-driver-3.141.59.jar:/home/coder/.m2/repository/org/seleniumhq/selenium/selenium-support/3.141.59/selenium-support-3.141.59.jar:/home/coder/.m2/repository/net/bytebuddy/byte-buddy/1.8.15/byte-buddy-1.8.15.jar:/home/coder/.m2/repository/org/apache/commons/commons-exec/1.3/commons-exec-1.3.jar:/home/coder/.m2/repository/com/google/guava/guava/25.0-jre/guava-25.0-jre.jar:/home/coder/.m2/repository/com/google/code/findbugs/jsr305/1.3.9/jsr305-1.3.9.jar:/home/coder/.m2/repository/org/checkerframework/checker-compat-qual/2.0.0/checker-compat-qual-2.0.0.jar:/home/coder/.m2/repository/com/google/errorprone/error_prone_annotations/2.1.3/error_prone_annotations-2.1.3.jar:/home/coder/.m2/repository/com/google/j2objc/j2objc-annotations/1.1/j2objc-annotations-1.1.jar:/home/coder/.m2/repository/org/codehaus/mojo/animal-sniffer-annotations/1.14/animal-sniffer-annotations-1.14.jar:/home/coder/.m2/repository/com/squareup/okhttp3/okhttp/3.11.0/okhttp-3.11.0.jar:/home/coder/.m2/repository/com/squareup/okio/okio/1.14.0/okio-1.14.0.jar:/home/coder/.m2/repository/org/testng/testng/7.7.1/testng-7.7.1.jar:/home/coder/.m2/repository/org/slf4j/slf4j-api/1.7.36/slf4j-api-1.7.36.jar:/home/coder/.m2/repository/com/beust/jcommander/1.82/jcommander-1.82.jar:/home/coder/.m2/repository/org/webjars/jquery/3.6.1/jquery-3.6.1.jar:"/>
    <property name="java.vm.vendor" value="Debian"/>
    <property name="sun.arch.data.model" value="64"/>
    <property name="java.vendor.url" value="https://tracker.debian.org/openjdk-11"/>
    <property name="user.timezone" value="Etc/UTC"/>
    <property name="java.vm.specification.version" value="11"/>
    <property name="os.name" value="Linux"/>
    <property name="sun.java.launcher" value="SUN_STANDARD"/>
    <property name="user.country" value="US"/>
    <property name="sun.boot.library.path" value="/usr/lib/jvm/java-11-openjdk-amd64/lib"/>
    <property name="sun.java.command" value="/home/coder/project/workspace/testngapp/target/surefire/surefirebooter-20230728134136741_3.jar /home/coder/project/workspace/testngapp/target/surefire 2023-07-28T13-41-36_374-jvmRun1 surefire-20230728134136741_1tmp surefire_0-20230728134136741_2tmp"/>
    <property name="jdk.debug" value="release"/>
    <property name="surefire.test.class.path" value="/home/coder/project/workspace/testngapp/target/test-classes:/home/coder/project/workspace/testngapp/target/classes:/home/coder/.m2/repository/junit/junit/4.11/junit-4.11.jar:/home/coder/.m2/repository/org/hamcrest/hamcrest-core/1.3/hamcrest-core-1.3.jar:/home/coder/.m2/repository/org/seleniumhq/selenium/selenium-java/3.141.59/selenium-java-3.141.59.jar:/home/coder/.m2/repository/org/seleniumhq/selenium/selenium-api/3.141.59/selenium-api-3.141.59.jar:/home/coder/.m2/repository/org/seleniumhq/selenium/selenium-chrome-driver/3.141.59/selenium-chrome-driver-3.141.59.jar:/home/coder/.m2/repository/org/seleniumhq/selenium/selenium-edge-driver/3.141.59/selenium-edge-driver-3.141.59.jar:/home/coder/.m2/repository/org/seleniumhq/selenium/selenium-firefox-driver/3.141.59/selenium-firefox-driver-3.141.59.jar:/home/coder/.m2/repository/org/seleniumhq/selenium/selenium-ie-driver/3.141.59/selenium-ie-driver-3.141.59.jar:/home/coder/.m2/repository/org/seleniumhq/selenium/selenium-opera-driver/3.141.59/selenium-opera-driver-3.141.59.jar:/home/coder/.m2/repository/org/seleniumhq/selenium/selenium-remote-driver/3.141.59/selenium-remote-driver-3.141.59.jar:/home/coder/.m2/repository/org/seleniumhq/selenium/selenium-safari-driver/3.141.59/selenium-safari-driver-3.141.59.jar:/home/coder/.m2/repository/org/seleniumhq/selenium/selenium-support/3.141.59/selenium-support-3.141.59.jar:/home/coder/.m2/repository/net/bytebuddy/byte-buddy/1.8.15/byte-buddy-1.8.15.jar:/home/coder/.m2/repository/org/apache/commons/commons-exec/1.3/commons-exec-1.3.jar:/home/coder/.m2/repository/com/google/guava/guava/25.0-jre/guava-25.0-jre.jar:/home/coder/.m2/repository/com/google/code/findbugs/jsr305/1.3.9/jsr305-1.3.9.jar:/home/coder/.m2/repository/org/checkerframework/checker-compat-qual/2.0.0/checker-compat-qual-2.0.0.jar:/home/coder/.m2/repository/com/google/errorprone/error_prone_annotations/2.1.3/error_prone_annotations-2.1.3.jar:/home/coder/.m2/repository/com/google/j2objc/j2objc-annotations/1.1/j2objc-annotations-1.1.jar:/home/coder/.m2/repository/org/codehaus/mojo/animal-sniffer-annotations/1.14/animal-sniffer-annotations-1.14.jar:/home/coder/.m2/repository/com/squareup/okhttp3/okhttp/3.11.0/okhttp-3.11.0.jar:/home/coder/.m2/repository/com/squareup/okio/okio/1.14.0/okio-1.14.0.jar:/home/coder/.m2/repository/org/testng/testng/7.7.1/testng-7.7.1.jar:/home/coder/.m2/repository/org/slf4j/slf4j-api/1.7.36/slf4j-api-1.7.36.jar:/home/coder/.m2/repository/com/beust/jcommander/1.82/jcommander-1.82.jar:/home/coder/.m2/repository/org/webjars/jquery/3.6.1/jquery-3.6.1.jar:"/>
    <property name="sun.cpu.endian" value="little"/>
    <property name="user.home" value="/home/coder"/>
    <property name="user.language" value="en"/>
    <property name="java.specification.vendor" value="Oracle Corporation"/>
    <property name="java.version.date" value="2023-01-17"/>
    <property name="java.home" value="/usr/lib/jvm/java-11-openjdk-amd64"/>
    <property name="file.separator" value="/"/>
    <property name="basedir" value="/home/coder/project/workspace/testngapp"/>
    <property name="java.vm.compressedOopsMode" value="32-bit"/>
    <property name="line.separator" value="&#10;"/>
    <property name="java.specification.name" value="Java Platform API Specification"/>
    <property name="java.vm.specification.vendor" value="Oracle Corporation"/>
    <property name="java.awt.graphicsenv" value="sun.awt.X11GraphicsEnvironment"/>
    <property name="surefire.real.class.path" value="/home/coder/project/workspace/testngapp/target/surefire/surefirebooter-20230728134136741_3.jar"/>
    <property name="sun.management.compiler" value="HotSpot 64-Bit Tiered Compilers"/>
    <property name="java.runtime.version" value="11.0.18+10-post-Debian-1deb11u1"/>
    <property name="user.name" value="coder"/>
    <property name="path.separator" value=":"/>
    <property name="os.version" value="5.10.162+"/>
    <property name="java.runtime.name" value="OpenJDK Runtime Environment"/>
    <property name="file.encoding" value="UTF-8"/>
    <property name="java.vm.name" value="OpenJDK 64-Bit Server VM"/>
    <property name="localRepository" value="/home/coder/.m2/repository"/>
    <property name="java.vendor.url.bug" value="https://bugs.debian.org/openjdk-11"/>
    <property name="java.io.tmpdir" value="/tmp"/>
    <property name="java.version" value="11.0.18"/>
    <property name="user.dir" value="/home/coder/project/workspace/testngapp"/>
    <property name="os.arch" value="amd64"/>
    <property name="java.vm.specification.name" value="Java Virtual Machine Specification"/>
    <property name="java.awt.printerjob" value="sun.print.PSPrinterJob"/>
    <property name="sun.os.patch.level" value="unknown"/>
    <property name="java.library.path" value="/usr/java/packages/lib:/usr/lib/x86_64-linux-gnu/jni:/lib/x86_64-linux-gnu:/usr/lib/x86_64-linux-gnu:/usr/lib/jni:/lib:/usr/lib"/>
    <property name="java.vm.info" value="mixed mode, sharing"/>
    <property name="java.vendor" value="Debian"/>
    <property name="java.vm.version" value="11.0.18+10-post-Debian-1deb11u1"/>
    <property name="sun.io.unicode.encoding" value="UnicodeLittle"/>
    <property name="java.class.version" value="55.0"/>
  </properties>
  <testcase name="AdminLoginWithInValidDetails" classname="TestCaseClasses.LoginTest" time="2.382">
    <system-out><![CDATA[Login| Art Gallery Management System
]]></system-out>
    <system-err><![CDATA[SLF4J: Failed to load class "org.slf4j.impl.StaticLoggerBinder".
SLF4J: Defaulting to no-operation (NOP) logger implementation
SLF4J: See http://www.slf4j.org/codes.html#StaticLoggerBinder for further details.
Jul 28, 2023 1:41:57 PM org.openqa.selenium.remote.ProtocolHandshake createSession
INFO: Detected dialect: W3C
]]></system-err>
  </testcase>
  <testcase name="AdminLoginWithValidDetails" classname="TestCaseClasses.LoginTest" time="2.696">
    <system-out><![CDATA[Art Gallery Management System - Admin Dashboard
]]></system-out>
  </testcase>
  <testcase name="addArtistTest" classname="TestCaseClasses.ArtistTest" time="5.338">
    <system-out><![CDATA[

|| ARTIST ||

Artist Added SuccessFully!
1 Maddy maddy@gmail.com 9687987988 2022-12-21 13:31:25 
2 Abir Rajwansh abir@gmail.com 5687987987 2022-12-21 13:31:25 
3 Ryan ryan@gmail.com 7414895623 2023-06-25 11:51:28 
4 Roman roman@gmail.com 1232475869 2023-06-25 11:52:21 
5 Harry harry@gmail.com 2585794613 2023-06-25 11:54:46 
6 Rock rock@gmail.com 1234567890 2023-07-28 04:01:26 
7 john john@gmail.com 1234567890 2023-07-28 10:33:28 
8 Rock rock@gmail.com 1234567890 2023-07-28 13:42:11 
]]></system-out>
  </testcase>
  <testcase name="updateArtistTest" classname="TestCaseClasses.ArtistTest" time="10.397">
    <system-out><![CDATA[
Artist Updated SuccessFully!
1 Maddy maddy@gmail.com 9687987988 2022-12-21 13:31:25 
2 Abir Rajwansh abir@gmail.com 5687987987 2022-12-21 13:31:25 
3 Ryan ryan@gmail.com 7414895623 2023-06-25 11:51:28 
4 Roman roman@gmail.com 1232475869 2023-06-25 11:52:21 
5 Harry harry@gmail.com 2585794613 2023-06-25 11:54:46 
6 Rock rock@gmail.com 1234567890 2023-07-28 04:01:26 
7 john john@gmail.com 1234567890 2023-07-28 10:33:28 
8 john john@gmail.com 1234567890 2023-07-28 13:42:11 
]]></system-out>
  </testcase>
  <testcase name="deleteArtistTest" classname="TestCaseClasses.ArtistTest" time="2">
    <system-out><![CDATA[
Artist Deleted SuccessFully!
1 Maddy maddy@gmail.com 9687987988 2022-12-21 13:31:25 
2 Abir Rajwansh abir@gmail.com 5687987987 2022-12-21 13:31:25 
3 Ryan ryan@gmail.com 7414895623 2023-06-25 11:51:28 
4 Roman roman@gmail.com 1232475869 2023-06-25 11:52:21 
5 Harry harry@gmail.com 2585794613 2023-06-25 11:54:46 
6 Rock rock@gmail.com 1234567890 2023-07-28 04:01:26 
7 john john@gmail.com 1234567890 2023-07-28 10:33:28 
]]></system-out>
  </testcase>
  <testcase name="AdminLogout" classname="TestCaseClasses.LogoutTest" time="2.414"/>
</testsuite>