<?xml version="1.0" encoding="UTF-8"?>
<!-- Generated by org.testng.reporters.JUnitReportReporter -->
<testsuite hostname="bedefccaddddfabbcabddaddeb-0" failures="0" tests="1" name="TestCaseClasses.LogoutTest" time="3.307" errors="0" timestamp="2023-07-27T12:57:08 UTC" skipped="0">
  <testcase classname="TestCaseClasses.LogoutTest" name="AdminLogout" time="3.307"/>
  <system-out/>
</testsuite> <!-- TestCaseClasses.LogoutTest -->
