<?xml version="1.0" encoding="UTF-8"?>
<!-- Generated by org.testng.reporters.JUnitReportReporter -->
<testsuite hostname="ebafededcabadabfabddddfabbcabddaddeb-0" failures="0" tests="6" name="TestCaseClasses.DashboardDetailsTest" time="215.952" errors="0" timestamp="2023-07-28T09:16:25 UTC" skipped="0">
  <testcase classname="TestCaseClasses.DashboardDetailsTest" name="artistDetails" time="16.611"/>
  <system-out/>
  <testcase classname="TestCaseClasses.DashboardDetailsTest" name="artTypeDetails" time="14.559"/>
  <system-out/>
  <testcase classname="TestCaseClasses.DashboardDetailsTest" name="artMediumDetails" time="16.448"/>
  <system-out/>
  <testcase classname="TestCaseClasses.DashboardDetailsTest" name="artProductDetails" time="15.339"/>
  <system-out/>
  <testcase classname="TestCaseClasses.DashboardDetailsTest" name="AnsweredEnquiryDetails" time="107.285"/>
  <system-out/>
  <testcase classname="TestCaseClasses.DashboardDetailsTest" name="UnansweredEnquiryDetails" time="45.710"/>
  <system-out/>
</testsuite> <!-- TestCaseClasses.DashboardDetailsTest -->
