<?xml version="1.0" encoding="UTF-8"?>
<!-- Generated by org.testng.reporters.JUnitReportReporter -->
<testsuite hostname="ebafededcabadabfabddddfabbcabddaddeb-0" failures="0" tests="3" name="TestCaseClasses.ArtMediumTest" time="50.056" errors="0" timestamp="2023-07-28T09:16:25 UTC" skipped="0">
  <testcase classname="TestCaseClasses.ArtMediumTest" name="addArtMediumTest" time="14.003"/>
  <system-out/>
  <testcase classname="TestCaseClasses.ArtMediumTest" name="updateArtMediumTest" time="20.177"/>
  <system-out/>
  <testcase classname="TestCaseClasses.ArtMediumTest" name="deleteArtMediumTest" time="15.876"/>
  <system-out/>
</testsuite> <!-- TestCaseClasses.ArtMediumTest -->
