<?xml version="1.0" encoding="UTF-8"?>
<!-- Generated by org.testng.reporters.JUnitReportReporter -->
<testsuite hostname="ebafededcabadabfabddddfabbcabddaddeb-0" failures="0" tests="1" name="TestCaseClasses.userSearchTest" time="1.515" errors="0" timestamp="2023-07-28T09:16:25 UTC" skipped="0">
  <testcase classname="TestCaseClasses.userSearchTest" name="search" time="1.515"/>
  <system-out/>
</testsuite> <!-- TestCaseClasses.userSearchTest -->
