<?xml version="1.0" encoding="UTF-8"?>
<!-- Generated by org.testng.reporters.JUnitReportReporter -->
<testsuite hostname="ebafededcabadabfabddddfabbcabddaddeb-0" failures="0" tests="3" name="TestCaseClasses.ArtTypeTest" time="47.321" errors="0" timestamp="2023-07-28T09:16:25 UTC" skipped="0">
  <testcase classname="TestCaseClasses.ArtTypeTest" name="addArtTypeTest" time="13.114"/>
  <system-out/>
  <testcase classname="TestCaseClasses.ArtTypeTest" name="updateArtTypeTest" time="18.821"/>
  <system-out/>
  <testcase classname="TestCaseClasses.ArtTypeTest" name="deleteArtTypeTest" time="15.386"/>
  <system-out/>
</testsuite> <!-- TestCaseClasses.ArtTypeTest -->
