<?xml version="1.0" encoding="UTF-8"?>
<!-- Generated by org.testng.reporters.JUnitReportReporter -->
<testsuite hostname="bedefccaddddfabbcabddaddeb-0" failures="0" tests="3" name="TestCaseClasses.ArtProductTest" time="36.311" errors="0" timestamp="2023-07-27T12:57:08 UTC" skipped="0">
  <testcase classname="TestCaseClasses.ArtProductTest" name="addArtProductTest" time="11.216"/>
  <system-out/>
  <testcase classname="TestCaseClasses.ArtProductTest" name="updateArtProductTest" time="22.683"/>
  <system-out/>
  <testcase classname="TestCaseClasses.ArtProductTest" name="deleteArtProductTest" time="2.412"/>
  <system-out/>
</testsuite> <!-- TestCaseClasses.ArtProductTest -->
