<?xml version="1.0" encoding="UTF-8"?>
<!-- Generated by org.testng.reporters.JUnitReportReporter -->
<testsuite hostname="efdbeabccaddddfabbcabddaddeb-0" failures="0" tests="2" name="TestCaseClasses.LoginTest" time="6.455" errors="0" timestamp="2023-07-28T09:29:03 UTC" skipped="0">
  <testcase classname="TestCaseClasses.LoginTest" name="AdminLoginWithInValidDetails" time="2.662"/>
  <system-out/>
  <testcase classname="TestCaseClasses.LoginTest" name="AdminLoginWithValidDetails" time="3.793"/>
  <system-out/>
</testsuite> <!-- TestCaseClasses.LoginTest -->
