<?xml version="1.0" encoding="UTF-8"?>
<!-- Generated by org.testng.reporters.JUnitReportReporter -->
<testsuite hostname="ecffccbbbdefddddfabbcabddaddeb-0" failures="0" tests="4" name="TestCaseClasses.PagesTest" time="24.749" errors="0" timestamp="2023-07-28T15:03:07 UTC" skipped="0">
  <testcase classname="TestCaseClasses.PagesTest" name="pagesMenuTestaboutus" time="0.350"/>
  <system-out/>
  <testcase classname="TestCaseClasses.PagesTest" name="updateAboutUsPageTestaboutus" time="13.892"/>
  <system-out/>
  <testcase classname="TestCaseClasses.PagesTest" name="pagesMenuTestcontactus" time="0.605"/>
  <system-out/>
  <testcase classname="TestCaseClasses.PagesTest" name="updateAboutUsPageTestcontactus" time="9.902"/>
  <system-out/>
</testsuite> <!-- TestCaseClasses.PagesTest -->
