<?xml version="1.0" encoding="UTF-8"?>
<!-- Generated by org.testng.reporters.JUnitReportReporter -->
<testsuite hostname="afaebeaadaeddddfabbcabddaddeb-0" failures="0" tests="2" name="TestCaseClasses.LoginTest" time="5.167" errors="0" timestamp="2023-07-28T04:57:36 UTC" skipped="0">
  <testcase classname="TestCaseClasses.LoginTest" name="AdminLoginWithInValidDetails" time="2.261"/>
  <system-out/>
  <testcase classname="TestCaseClasses.LoginTest" name="AdminLoginWithValidDetails" time="2.906"/>
  <system-out/>
</testsuite> <!-- TestCaseClasses.LoginTest -->
