<?xml version="1.0" encoding="UTF-8"?>
<!-- Generated by org.testng.reporters.JUnitReportReporter -->
<testsuite hostname="ebafededcabadabfabddddfabbcabddaddeb-0" failures="0" tests="3" name="TestCaseClasses.ArtProductTest" time="73.801" errors="0" timestamp="2023-07-28T09:16:25 UTC" skipped="0">
  <testcase classname="TestCaseClasses.ArtProductTest" name="addArtProductTest" time="22.511"/>
  <system-out/>
  <testcase classname="TestCaseClasses.ArtProductTest" name="updateArtProductTest" time="35.316"/>
  <system-out/>
  <testcase classname="TestCaseClasses.ArtProductTest" name="deleteArtProductTest" time="15.974"/>
  <system-out/>
</testsuite> <!-- TestCaseClasses.ArtProductTest -->
