<?xml version="1.0" encoding="UTF-8"?>
<!-- Generated by org.testng.reporters.JUnitReportReporter -->
<testsuite hostname="bedefccaddddfabbcabddaddeb-0" failures="0" tests="3" name="TestCaseClasses.ArtMediumTest" time="15.491" errors="0" timestamp="2023-07-27T12:57:08 UTC" skipped="0">
  <testcase classname="TestCaseClasses.ArtMediumTest" name="addArtMediumTest" time="4.804"/>
  <system-out/>
  <testcase classname="TestCaseClasses.ArtMediumTest" name="updateArtMediumTest" time="7.992"/>
  <system-out/>
  <testcase classname="TestCaseClasses.ArtMediumTest" name="deleteArtMediumTest" time="2.695"/>
  <system-out/>
</testsuite> <!-- TestCaseClasses.ArtMediumTest -->
