<?xml version="1.0" encoding="UTF-8"?>
<!-- Generated by org.testng.reporters.JUnitReportReporter -->
<testsuite hostname="bedefccaddddfabbcabddaddeb-0" failures="0" tests="2" name="TestCaseClasses.LoginTest" time="5.745" errors="0" timestamp="2023-07-27T12:57:08 UTC" skipped="0">
  <testcase classname="TestCaseClasses.LoginTest" name="AdminLoginWithInValidDetails" time="2.557"/>
  <system-out/>
  <testcase classname="TestCaseClasses.LoginTest" name="AdminLoginWithValidDetails" time="3.188"/>
  <system-out/>
</testsuite> <!-- TestCaseClasses.LoginTest -->
