<?xml version="1.0" encoding="UTF-8"?>
<!-- Generated by org.testng.reporters.JUnitReportReporter -->
<testsuite hostname="ebafededcabadabfabddddfabbcabddaddeb-0" failures="0" tests="3" name="TestCaseClasses.EnquiryTest" time="31.490" errors="0" timestamp="2023-07-28T09:16:25 UTC" skipped="0">
  <testcase classname="TestCaseClasses.EnquiryTest" name="addEnquiryTest" time="5.270"/>
  <system-out/>
  <testcase classname="TestCaseClasses.EnquiryTest" name="unansweredEnquiryTest" time="15.013"/>
  <system-out/>
  <testcase classname="TestCaseClasses.EnquiryTest" name="answeredEnquiryTest" time="11.207"/>
  <system-out/>
</testsuite> <!-- TestCaseClasses.EnquiryTest -->
