<?xml version="1.0" encoding="UTF-8"?>
<!-- Generated by org.testng.reporters.JUnitReportReporter -->
<testsuite hostname="afaebeaadaeddddfabbcabddaddeb-0" failures="0" tests="3" name="TestCaseClasses.ArtTypeTest" time="54.264" errors="0" timestamp="2023-07-28T04:57:36 UTC" skipped="0">
  <testcase classname="TestCaseClasses.ArtTypeTest" name="addArtTypeTest" time="16.443"/>
  <system-out/>
  <testcase classname="TestCaseClasses.ArtTypeTest" name="updateArtTypeTest" time="21.183"/>
  <system-out/>
  <testcase classname="TestCaseClasses.ArtTypeTest" name="deleteArtTypeTest" time="16.638"/>
  <system-out/>
</testsuite> <!-- TestCaseClasses.ArtTypeTest -->
