<?xml version="1.0" encoding="UTF-8"?>
<!-- Generated by org.testng.reporters.JUnitReportReporter -->
<testsuite hostname="ebafededcabadabfabddddfabbcabddaddeb-0" failures="0" tests="3" name="TestCaseClasses.EnquirySearchTest" time="135.662" errors="0" timestamp="2023-07-28T09:16:25 UTC" skipped="0">
  <testcase classname="TestCaseClasses.EnquirySearchTest" name="enquirySearchByNameTest" time="52.872"/>
  <system-out/>
  <testcase classname="TestCaseClasses.EnquirySearchTest" name="enquirySearchByEnquiryNumberTest" time="31.715"/>
  <system-out/>
  <testcase classname="TestCaseClasses.EnquirySearchTest" name="enquirySearchByMobileNumberTest" time="51.075"/>
  <system-out/>
</testsuite> <!-- TestCaseClasses.EnquirySearchTest -->
