<?xml version="1.0" encoding="UTF-8"?>
<!-- Generated by org.testng.reporters.JUnitReportReporter -->
<testsuite hostname="efdbeabccaddddfabbcabddaddeb-0" failures="0" tests="3" name="TestCaseClasses.EnquirySearchTest" time="109.002" errors="0" timestamp="2023-07-28T09:29:03 UTC" skipped="0">
  <testcase classname="TestCaseClasses.EnquirySearchTest" name="enquirySearchByNameTest" time="38.385"/>
  <system-out/>
  <testcase classname="TestCaseClasses.EnquirySearchTest" name="enquirySearchByEnquiryNumberTest" time="32.686"/>
  <system-out/>
  <testcase classname="TestCaseClasses.EnquirySearchTest" name="enquirySearchByMobileNumberTest" time="37.931"/>
  <system-out/>
</testsuite> <!-- TestCaseClasses.EnquirySearchTest -->
