<?xml version="1.0" encoding="UTF-8"?>
<!-- Generated by org.testng.reporters.JUnitReportReporter -->
<testsuite hostname="efdbeabccaddddfabbcabddaddeb-0" failures="0" tests="3" name="TestCaseClasses.EnquiryTest" time="28.733" errors="0" timestamp="2023-07-28T09:29:03 UTC" skipped="0">
  <testcase classname="TestCaseClasses.EnquiryTest" name="addEnquiryTest" time="6.628"/>
  <system-out/>
  <testcase classname="TestCaseClasses.EnquiryTest" name="unansweredEnquiryTest" time="15.917"/>
  <system-out/>
  <testcase classname="TestCaseClasses.EnquiryTest" name="answeredEnquiryTest" time="6.188"/>
  <system-out/>
</testsuite> <!-- TestCaseClasses.EnquiryTest -->
