<?xml version="1.0" encoding="UTF-8"?>
<!-- Generated by org.testng.reporters.JUnitReportReporter -->
<testsuite hostname="ebafededcabadabfabddddfabbcabddaddeb-0" failures="0" tests="5" name="TestCaseClasses.userNavbarTest" time="4.664" errors="0" timestamp="2023-07-28T09:16:25 UTC" skipped="0">
  <testcase classname="TestCaseClasses.userNavbarTest" name="home" time="1.177"/>
  <system-out/>
  <testcase classname="TestCaseClasses.userNavbarTest" name="about" time="0.865"/>
  <system-out/>
  <testcase classname="TestCaseClasses.userNavbarTest" name="arttype" time="0.304"/>
  <system-out/>
  <testcase classname="TestCaseClasses.userNavbarTest" name="contactus" time="0.629"/>
  <system-out/>
  <testcase classname="TestCaseClasses.userNavbarTest" name="admin" time="1.689"/>
  <system-out/>
</testsuite> <!-- TestCaseClasses.userNavbarTest -->
