<?xml version="1.0" encoding="UTF-8"?>
<!-- Generated by org.testng.reporters.JUnitReportReporter -->
<testsuite hostname="ebafededcabadabfabddddfabbcabddaddeb-0" failures="0" tests="4" name="TestCaseClasses.PagesTest" time="21.397" errors="0" timestamp="2023-07-28T09:16:25 UTC" skipped="0">
  <testcase classname="TestCaseClasses.PagesTest" name="pagesMenuTestaboutus" time="0.218"/>
  <system-out/>
  <testcase classname="TestCaseClasses.PagesTest" name="updateAboutUsPageTestaboutus" time="12.485"/>
  <system-out/>
  <testcase classname="TestCaseClasses.PagesTest" name="pagesMenuTestcontactus" time="0.213"/>
  <system-out/>
  <testcase classname="TestCaseClasses.PagesTest" name="updateContactUsPageTestContactUs" time="8.481"/>
  <system-out/>
</testsuite> <!-- TestCaseClasses.PagesTest -->
