<?xml version="1.0" encoding="UTF-8"?>
<!-- Generated by org.testng.reporters.JUnitReportReporter -->
<testsuite hostname="ebafededcabadabfabddddfabbcabddaddeb-0" failures="0" tests="1" name="TestCaseClasses.userDropdownTest" time="6.092" errors="0" timestamp="2023-07-28T09:16:25 UTC" skipped="0">
  <testcase classname="TestCaseClasses.userDropdownTest" name="dropdown" time="6.092"/>
  <system-out/>
</testsuite> <!-- TestCaseClasses.userDropdownTest -->
