<?xml version="1.0" encoding="UTF-8"?>
<!-- Generated by org.testng.reporters.JUnitReportReporter -->
<testsuite hostname="bedefccaddddfabbcabddaddeb-0" failures="0" tests="2" name="TestCaseClasses.DashboardDetailsTest" time="7.443" errors="0" timestamp="2023-07-27T12:57:08 UTC" skipped="0">
  <testcase classname="TestCaseClasses.DashboardDetailsTest" name="artMediumDetails" time="4.141"/>
  <system-out/>
  <testcase classname="TestCaseClasses.DashboardDetailsTest" name="artProductDetails" time="3.302"/>
  <system-out/>
</testsuite> <!-- TestCaseClasses.DashboardDetailsTest -->
