<?xml version="1.0" encoding="UTF-8"?>
<!-- Generated by org.testng.reporters.JUnitReportReporter -->
<testsuite hostname="ebafededcabadabfabddddfabbcabddaddeb-0" failures="0" tests="3" name="TestCaseClasses.ArtistTest" time="17.735" errors="0" timestamp="2023-07-28T13:42:28 UTC" skipped="0">
  <testcase classname="TestCaseClasses.ArtistTest" name="addArtistTest" time="5.338"/>
  <system-out/>
  <testcase classname="TestCaseClasses.ArtistTest" name="updateArtistTest" time="10.397"/>
  <system-out/>
  <testcase classname="TestCaseClasses.ArtistTest" name="deleteArtistTest" time="2.000"/>
  <system-out/>
</testsuite> <!-- TestCaseClasses.ArtistTest -->
