<?xml version="1.0" encoding="UTF-8"?>
<!-- Generated by org.testng.reporters.JUnitReportReporter -->
<testsuite hostname="ecffccbbbdefddddfabbcabddaddeb-0" failures="0" tests="2" name="TestCaseClasses.LoginTest" time="5.340" errors="0" timestamp="2023-07-28T15:03:07 UTC" skipped="0">
  <testcase classname="TestCaseClasses.LoginTest" name="AdminLoginWithInValidDetails" time="2.358"/>
  <system-out/>
  <testcase classname="TestCaseClasses.LoginTest" name="AdminLoginWithValidDetails" time="2.982"/>
  <system-out/>
</testsuite> <!-- TestCaseClasses.LoginTest -->
